<?xml version="1.0" encoding="UTF-8"?>
<!-- Generated by org.testng.reporters.JUnitReportReporter -->
<testsuite hostname="DESKTOP-U6C0UKJ" failures="0" tests="1" name="rahulshettyacademy.tests.ErrorValidationTest" time="1.021" errors="0" timestamp="2023-05-01T14:32:40 EDT" skipped="0">
  <testcase classname="rahulshettyacademy.tests.ErrorValidationTest" name="loginErrorValidation" time="1.021"/>
  <system-out/>
</testsuite> <!-- rahulshettyacademy.tests.ErrorValidationTest -->
